Info: Starting: Create block symbol file (.bsf)
Info: ip-generate --project-directory=C:\Users\Dhairya\Desktop\ece385\Lab8_provided\Lab8_provided --output-directory=C:\Users\Dhairya\Desktop\ece385\Lab8_provided\Lab8_provided\nios_system --report-file=bsf:C:\Users\Dhairya\Desktop\ece385\Lab8_provided\Lab8_provided\nios_system\nios_system.bsf --system-info=DEVICE_FAMILY="Cyclone IV E" --system-info=DEVICE=EP4CE115F29C7 --system-info=DEVICE_SPEEDGRADE=7 --component-file=C:\Users\Dhairya\Desktop\ece385\Lab8_provided\Lab8_provided\nios_system.qsys
Progress: Loading Lab8_provided/nios_system.qsys
Progress: Reading input file
Progress: Adding accumulate [altera_avalon_pio 14.0]
Progress: Parameterizing module accumulate
Progress: Adding led [altera_avalon_pio 14.0]
Progress: Parameterizing module led
Progress: Adding nios2_qsys_0 [altera_nios2_gen2 14.0]
Progress: Parameterizing module nios2_qsys_0
Progress: Adding onchip_memory2_0 [altera_avalon_onchip_memory2 14.0]
Progress: Parameterizing module onchip_memory2_0
Progress: Adding reset [altera_avalon_pio 14.0]
Progress: Parameterizing module reset
Progress: Adding sdram [altera_avalon_new_sdram_controller 14.0]
Progress: Parameterizing module sdram
Progress: Adding sdram_pll [altpll 14.0]
Progress: Parameterizing module sdram_pll
Progress: Adding switches [altera_avalon_pio 14.0]
Progress: Parameterizing module switches
Progress: Adding sysid_qsys_0 [altera_avalon_sysid_qsys 14.0]
Progress: Parameterizing module sysid_qsys_0
Progress: Adding clk_0 [clock_source 14.0]
Progress: Parameterizing module clk_0
Progress: Adding jtag_uart_0 [altera_avalon_jtag_uart 14.0]
Progress: Parameterizing module jtag_uart_0
Progress: Adding Keycode [altera_avalon_pio 14.0]
Progress: Parameterizing module Keycode
Progress: Adding otg_hpi_cs [altera_avalon_pio 14.0]
Progress: Parameterizing module otg_hpi_cs
Progress: Adding otg_hpi_address [altera_avalon_pio 14.0]
Progress: Parameterizing module otg_hpi_address
Progress: Adding otg_hpi_data [altera_avalon_pio 14.0]
Progress: Parameterizing module otg_hpi_data
Progress: Adding otg_hpi_r [altera_avalon_pio 14.0]
Progress: Parameterizing module otg_hpi_r
Progress: Adding otg_hpi_w [altera_avalon_pio 14.0]
Progress: Parameterizing module otg_hpi_w
Progress: Building connections
Progress: Parameterizing connections
Progress: Validating
Progress: Done reading input file
Info: nios_system.reset: PIO inputs are not hardwired in test bench. Undefined values will be read from PIO inputs during simulation.
Info: nios_system.sysid_qsys_0: System ID is not assigned automatically. Edit the System ID parameter to provide a unique ID
Info: nios_system.sysid_qsys_0: Time stamp will be automatically updated when this component is generated.
Info: nios_system.otg_hpi_data: PIO inputs are not hardwired in test bench. Undefined values will be read from PIO inputs during simulation.
Warning: nios_system.sdram_pll: sdram_pll.areset_conduit must be exported, or connected to a matching conduit.
Warning: nios_system.sdram_pll: sdram_pll.locked_conduit must be exported, or connected to a matching conduit.
Warning: nios_system.sdram_pll: sdram_pll.phasedone_conduit must be exported, or connected to a matching conduit.
Info: ip-generate succeeded.
Info: Finished: Create block symbol file (.bsf)
Info: 
Info: Starting: Create HDL design files for synthesis
Info: ip-generate --project-directory=C:\Users\Dhairya\Desktop\ece385\Lab8_provided\Lab8_provided --output-directory=C:\Users\Dhairya\Desktop\ece385\Lab8_provided\Lab8_provided\nios_system\synthesis --file-set=QUARTUS_SYNTH --report-file=html:C:\Users\Dhairya\Desktop\ece385\Lab8_provided\Lab8_provided\nios_system\nios_system.html --report-file=sopcinfo:C:\Users\Dhairya\Desktop\ece385\Lab8_provided\Lab8_provided\nios_system.sopcinfo --report-file=cmp:C:\Users\Dhairya\Desktop\ece385\Lab8_provided\Lab8_provided\nios_system\nios_system.cmp --report-file=qip:C:\Users\Dhairya\Desktop\ece385\Lab8_provided\Lab8_provided\nios_system\synthesis\nios_system.qip --report-file=svd:C:\Users\Dhairya\Desktop\ece385\Lab8_provided\Lab8_provided\nios_system\synthesis\nios_system.svd --report-file=regmap:C:\Users\Dhairya\Desktop\ece385\Lab8_provided\Lab8_provided\nios_system\synthesis\nios_system.regmap --report-file=xml:C:\Users\Dhairya\Desktop\ece385\Lab8_provided\Lab8_provided\nios_system\nios_system.xml --report-file=debuginfo:C:\Users\Dhairya\Desktop\ece385\Lab8_provided\Lab8_provided\nios_system\synthesis\nios_system.debuginfo --system-info=DEVICE_FAMILY="Cyclone IV E" --system-info=DEVICE=EP4CE115F29C7 --system-info=DEVICE_SPEEDGRADE=7 --component-file=C:\Users\Dhairya\Desktop\ece385\Lab8_provided\Lab8_provided\nios_system.qsys --language=VERILOG
Progress: Loading Lab8_provided/nios_system.qsys
Progress: Reading input file
Progress: Adding accumulate [altera_avalon_pio 14.0]
Progress: Parameterizing module accumulate
Progress: Adding led [altera_avalon_pio 14.0]
Progress: Parameterizing module led
Progress: Adding nios2_qsys_0 [altera_nios2_gen2 14.0]
Progress: Parameterizing module nios2_qsys_0
Progress: Adding onchip_memory2_0 [altera_avalon_onchip_memory2 14.0]
Progress: Parameterizing module onchip_memory2_0
Progress: Adding reset [altera_avalon_pio 14.0]
Progress: Parameterizing module reset
Progress: Adding sdram [altera_avalon_new_sdram_controller 14.0]
Progress: Parameterizing module sdram
Progress: Adding sdram_pll [altpll 14.0]
Progress: Parameterizing module sdram_pll
Progress: Adding switches [altera_avalon_pio 14.0]
Progress: Parameterizing module switches
Progress: Adding sysid_qsys_0 [altera_avalon_sysid_qsys 14.0]
Progress: Parameterizing module sysid_qsys_0
Progress: Adding clk_0 [clock_source 14.0]
Progress: Parameterizing module clk_0
Progress: Adding jtag_uart_0 [altera_avalon_jtag_uart 14.0]
Progress: Parameterizing module jtag_uart_0
Progress: Adding Keycode [altera_avalon_pio 14.0]
Progress: Parameterizing module Keycode
Progress: Adding otg_hpi_cs [altera_avalon_pio 14.0]
Progress: Parameterizing module otg_hpi_cs
Progress: Adding otg_hpi_address [altera_avalon_pio 14.0]
Progress: Parameterizing module otg_hpi_address
Progress: Adding otg_hpi_data [altera_avalon_pio 14.0]
Progress: Parameterizing module otg_hpi_data
Progress: Adding otg_hpi_r [altera_avalon_pio 14.0]
Progress: Parameterizing module otg_hpi_r
Progress: Adding otg_hpi_w [altera_avalon_pio 14.0]
Progress: Parameterizing module otg_hpi_w
Progress: Building connections
Progress: Parameterizing connections
Progress: Validating
Progress: Done reading input file
Info: nios_system.reset: PIO inputs are not hardwired in test bench. Undefined values will be read from PIO inputs during simulation.
Info: nios_system.sysid_qsys_0: System ID is not assigned automatically. Edit the System ID parameter to provide a unique ID
Info: nios_system.sysid_qsys_0: Time stamp will be automatically updated when this component is generated.
Info: nios_system.otg_hpi_data: PIO inputs are not hardwired in test bench. Undefined values will be read from PIO inputs during simulation.
Warning: nios_system.sdram_pll: sdram_pll.areset_conduit must be exported, or connected to a matching conduit.
Warning: nios_system.sdram_pll: sdram_pll.locked_conduit must be exported, or connected to a matching conduit.
Warning: nios_system.sdram_pll: sdram_pll.phasedone_conduit must be exported, or connected to a matching conduit.
Info: nios_system: Generating nios_system "nios_system" for QUARTUS_SYNTH
Info: Inserting clock-crossing logic between cmd_demux.src4 and cmd_mux_004.sink0
Info: Inserting clock-crossing logic between cmd_demux_001.src4 and cmd_mux_004.sink1
Info: Inserting clock-crossing logic between rsp_demux_004.src0 and rsp_mux.sink4
Info: Inserting clock-crossing logic between rsp_demux_004.src1 and rsp_mux_001.sink4
Info: nios2_qsys_0: Starting RTL generation for module 'nios_system_nios2_qsys_0'
Info: nios2_qsys_0:   Generation command is [exec C:/altera/14.0/quartus/bin64/eperlcmd.exe -I C:/altera/14.0/quartus/bin64/perl/lib -I C:/altera/14.0/quartus/sopc_builder/bin/europa -I C:/altera/14.0/quartus/sopc_builder/bin/perl_lib -I C:/altera/14.0/quartus/sopc_builder/bin -I C:/altera/14.0/quartus/../ip/altera/nios2_ip/altera_nios2_gen2/cpu_lib -I C:/altera/14.0/quartus/../ip/altera/nios2_ip/altera_nios2_gen2/nios_lib -I C:/altera/14.0/quartus/../ip/altera/nios2_ip/altera_nios2_gen2 -I C:/altera/14.0/quartus/../ip/altera/nios2_ip/altera_nios2_gen2 -- C:/altera/14.0/quartus/../ip/altera/nios2_ip/altera_nios2_gen2/generate_rtl.epl --name=nios_system_nios2_qsys_0 --dir=C:/Users/Dhairya/AppData/Local/Temp/alt6728_2575934484387148365.dir/0001_nios2_qsys_0_gen/ --quartus_bindir=C:/altera/14.0/quartus/bin64 --verilog --config=C:/Users/Dhairya/AppData/Local/Temp/alt6728_2575934484387148365.dir/0001_nios2_qsys_0_gen//nios_system_nios2_qsys_0_processor_configuration.pl  --do_build_sim=0  ]
Info: nios2_qsys_0: # 2015.10.20 10:49:16 (*) Starting Nios II generation
Info: nios2_qsys_0: # 2015.10.20 10:49:16 (*)   Checking for plaintext license.
Info: nios2_qsys_0: # 2015.10.20 10:49:22 (*)   Couldn't query license setup in Quartus directory C:/altera/14.0/quartus/bin64
Info: nios2_qsys_0: # 2015.10.20 10:49:22 (*)   Defaulting to contents of LM_LICENSE_FILE environment variable
Info: nios2_qsys_0: # 2015.10.20 10:49:22 (*)   LM_LICENSE_FILE environment variable is empty
Info: nios2_qsys_0: # 2015.10.20 10:49:22 (*)   Plaintext license not found.
Info: nios2_qsys_0: # 2015.10.20 10:49:22 (*)   No license required to generate encrypted Nios II/e.
Info: nios2_qsys_0: # 2015.10.20 10:49:22 (*)   Elaborating CPU configuration settings
Info: nios2_qsys_0: # 2015.10.20 10:49:22 (*)   Creating all objects for CPU
Info: nios2_qsys_0: # 2015.10.20 10:49:27 (*)   Generating RTL from CPU objects
Info: nios2_qsys_0: # 2015.10.20 10:49:27 (*)   Creating plain-text RTL
Info: nios2_qsys_0: # 2015.10.20 10:49:33 (*) Done Nios II generation
Info: nios2_qsys_0: Done RTL generation for module 'nios_system_nios2_qsys_0'
Info: nios2_qsys_0: "nios_system" instantiated altera_nios2_gen2 "nios2_qsys_0"
Info: onchip_memory2_0: Starting RTL generation for module 'nios_system_onchip_memory2_0'
Info: onchip_memory2_0:   Generation command is [exec C:/altera/14.0/quartus/bin64/perl/bin/perl.exe -I C:/altera/14.0/quartus/bin64/perl/lib -I C:/altera/14.0/quartus/sopc_builder/bin/europa -I C:/altera/14.0/quartus/sopc_builder/bin/perl_lib -I C:/altera/14.0/quartus/sopc_builder/bin -I C:/altera/14.0/quartus/../ip/altera/sopc_builder_ip/common -I C:/altera/14.0/quartus/../ip/altera/sopc_builder_ip/altera_avalon_onchip_memory2 -- C:/altera/14.0/quartus/../ip/altera/sopc_builder_ip/altera_avalon_onchip_memory2/generate_rtl.pl --name=nios_system_onchip_memory2_0 --dir=C:/Users/Dhairya/AppData/Local/Temp/alt6728_2575934484387148365.dir/0002_onchip_memory2_0_gen/ --quartus_dir=C:/altera/14.0/quartus --verilog --config=C:/Users/Dhairya/AppData/Local/Temp/alt6728_2575934484387148365.dir/0002_onchip_memory2_0_gen//nios_system_onchip_memory2_0_component_configuration.pl  --do_build_sim=0  ]
Info: onchip_memory2_0: Done RTL generation for module 'nios_system_onchip_memory2_0'
Info: onchip_memory2_0: "nios_system" instantiated altera_avalon_onchip_memory2 "onchip_memory2_0"
Info: reset: Starting RTL generation for module 'nios_system_reset'
Info: reset:   Generation command is [exec C:/altera/14.0/quartus/bin64/perl/bin/perl.exe -I C:/altera/14.0/quartus/bin64/perl/lib -I C:/altera/14.0/quartus/sopc_builder/bin/europa -I C:/altera/14.0/quartus/sopc_builder/bin/perl_lib -I C:/altera/14.0/quartus/sopc_builder/bin -I C:/altera/14.0/quartus/../ip/altera/sopc_builder_ip/common -I C:/altera/14.0/quartus/../ip/altera/sopc_builder_ip/altera_avalon_pio -- C:/altera/14.0/quartus/../ip/altera/sopc_builder_ip/altera_avalon_pio/generate_rtl.pl --name=nios_system_reset --dir=C:/Users/Dhairya/AppData/Local/Temp/alt6728_2575934484387148365.dir/0003_reset_gen/ --quartus_dir=C:/altera/14.0/quartus --verilog --config=C:/Users/Dhairya/AppData/Local/Temp/alt6728_2575934484387148365.dir/0003_reset_gen//nios_system_reset_component_configuration.pl  --do_build_sim=0  ]
Info: reset: Done RTL generation for module 'nios_system_reset'
Info: reset: "nios_system" instantiated altera_avalon_pio "reset"
Info: sdram: Starting RTL generation for module 'nios_system_sdram'
Info: sdram:   Generation command is [exec C:/altera/14.0/quartus/bin64/perl/bin/perl.exe -I C:/altera/14.0/quartus/bin64/perl/lib -I C:/altera/14.0/quartus/sopc_builder/bin/europa -I C:/altera/14.0/quartus/sopc_builder/bin/perl_lib -I C:/altera/14.0/quartus/sopc_builder/bin -I C:/altera/14.0/quartus/../ip/altera/sopc_builder_ip/common -I C:/altera/14.0/quartus/../ip/altera/sopc_builder_ip/altera_avalon_new_sdram_controller -- C:/altera/14.0/quartus/../ip/altera/sopc_builder_ip/altera_avalon_new_sdram_controller/generate_rtl.pl --name=nios_system_sdram --dir=C:/Users/Dhairya/AppData/Local/Temp/alt6728_2575934484387148365.dir/0004_sdram_gen/ --quartus_dir=C:/altera/14.0/quartus --verilog --config=C:/Users/Dhairya/AppData/Local/Temp/alt6728_2575934484387148365.dir/0004_sdram_gen//nios_system_sdram_component_configuration.pl  --do_build_sim=0  ]
Info: sdram: Done RTL generation for module 'nios_system_sdram'
Info: sdram: "nios_system" instantiated altera_avalon_new_sdram_controller "sdram"
Info: sdram_pll: "nios_system" instantiated altpll "sdram_pll"
Info: sysid_qsys_0: "nios_system" instantiated altera_avalon_sysid_qsys "sysid_qsys_0"
Info: jtag_uart_0: Starting RTL generation for module 'nios_system_jtag_uart_0'
Info: jtag_uart_0:   Generation command is [exec C:/altera/14.0/quartus/bin64/perl/bin/perl.exe -I C:/altera/14.0/quartus/bin64/perl/lib -I C:/altera/14.0/quartus/sopc_builder/bin/europa -I C:/altera/14.0/quartus/sopc_builder/bin/perl_lib -I C:/altera/14.0/quartus/sopc_builder/bin -I C:/altera/14.0/quartus/../ip/altera/sopc_builder_ip/common -I C:/altera/14.0/quartus/../ip/altera/sopc_builder_ip/altera_avalon_jtag_uart -- C:/altera/14.0/quartus/../ip/altera/sopc_builder_ip/altera_avalon_jtag_uart/generate_rtl.pl --name=nios_system_jtag_uart_0 --dir=C:/Users/Dhairya/AppData/Local/Temp/alt6728_2575934484387148365.dir/0008_jtag_uart_0_gen/ --quartus_dir=C:/altera/14.0/quartus --verilog --config=C:/Users/Dhairya/AppData/Local/Temp/alt6728_2575934484387148365.dir/0008_jtag_uart_0_gen//nios_system_jtag_uart_0_component_configuration.pl  --do_build_sim=0  ]
Info: jtag_uart_0: Done RTL generation for module 'nios_system_jtag_uart_0'
Info: jtag_uart_0: "nios_system" instantiated altera_avalon_jtag_uart "jtag_uart_0"
Info: Keycode: Starting RTL generation for module 'nios_system_Keycode'
Info: Keycode:   Generation command is [exec C:/altera/14.0/quartus/bin64/perl/bin/perl.exe -I C:/altera/14.0/quartus/bin64/perl/lib -I C:/altera/14.0/quartus/sopc_builder/bin/europa -I C:/altera/14.0/quartus/sopc_builder/bin/perl_lib -I C:/altera/14.0/quartus/sopc_builder/bin -I C:/altera/14.0/quartus/../ip/altera/sopc_builder_ip/common -I C:/altera/14.0/quartus/../ip/altera/sopc_builder_ip/altera_avalon_pio -- C:/altera/14.0/quartus/../ip/altera/sopc_builder_ip/altera_avalon_pio/generate_rtl.pl --name=nios_system_Keycode --dir=C:/Users/Dhairya/AppData/Local/Temp/alt6728_2575934484387148365.dir/0009_Keycode_gen/ --quartus_dir=C:/altera/14.0/quartus --verilog --config=C:/Users/Dhairya/AppData/Local/Temp/alt6728_2575934484387148365.dir/0009_Keycode_gen//nios_system_Keycode_component_configuration.pl  --do_build_sim=0  ]
Info: Keycode: Done RTL generation for module 'nios_system_Keycode'
Info: Keycode: "nios_system" instantiated altera_avalon_pio "Keycode"
Info: otg_hpi_cs: Starting RTL generation for module 'nios_system_otg_hpi_cs'
Info: otg_hpi_cs:   Generation command is [exec C:/altera/14.0/quartus/bin64/perl/bin/perl.exe -I C:/altera/14.0/quartus/bin64/perl/lib -I C:/altera/14.0/quartus/sopc_builder/bin/europa -I C:/altera/14.0/quartus/sopc_builder/bin/perl_lib -I C:/altera/14.0/quartus/sopc_builder/bin -I C:/altera/14.0/quartus/../ip/altera/sopc_builder_ip/common -I C:/altera/14.0/quartus/../ip/altera/sopc_builder_ip/altera_avalon_pio -- C:/altera/14.0/quartus/../ip/altera/sopc_builder_ip/altera_avalon_pio/generate_rtl.pl --name=nios_system_otg_hpi_cs --dir=C:/Users/Dhairya/AppData/Local/Temp/alt6728_2575934484387148365.dir/0010_otg_hpi_cs_gen/ --quartus_dir=C:/altera/14.0/quartus --verilog --config=C:/Users/Dhairya/AppData/Local/Temp/alt6728_2575934484387148365.dir/0010_otg_hpi_cs_gen//nios_system_otg_hpi_cs_component_configuration.pl  --do_build_sim=0  ]
Info: otg_hpi_cs: Done RTL generation for module 'nios_system_otg_hpi_cs'
Info: otg_hpi_cs: "nios_system" instantiated altera_avalon_pio "otg_hpi_cs"
Info: otg_hpi_address: Starting RTL generation for module 'nios_system_otg_hpi_address'
Info: otg_hpi_address:   Generation command is [exec C:/altera/14.0/quartus/bin64/perl/bin/perl.exe -I C:/altera/14.0/quartus/bin64/perl/lib -I C:/altera/14.0/quartus/sopc_builder/bin/europa -I C:/altera/14.0/quartus/sopc_builder/bin/perl_lib -I C:/altera/14.0/quartus/sopc_builder/bin -I C:/altera/14.0/quartus/../ip/altera/sopc_builder_ip/common -I C:/altera/14.0/quartus/../ip/altera/sopc_builder_ip/altera_avalon_pio -- C:/altera/14.0/quartus/../ip/altera/sopc_builder_ip/altera_avalon_pio/generate_rtl.pl --name=nios_system_otg_hpi_address --dir=C:/Users/Dhairya/AppData/Local/Temp/alt6728_2575934484387148365.dir/0011_otg_hpi_address_gen/ --quartus_dir=C:/altera/14.0/quartus --verilog --config=C:/Users/Dhairya/AppData/Local/Temp/alt6728_2575934484387148365.dir/0011_otg_hpi_address_gen//nios_system_otg_hpi_address_component_configuration.pl  --do_build_sim=0  ]
Info: otg_hpi_address: Done RTL generation for module 'nios_system_otg_hpi_address'
Info: otg_hpi_address: "nios_system" instantiated altera_avalon_pio "otg_hpi_address"
Info: otg_hpi_data: Starting RTL generation for module 'nios_system_otg_hpi_data'
Info: otg_hpi_data:   Generation command is [exec C:/altera/14.0/quartus/bin64/perl/bin/perl.exe -I C:/altera/14.0/quartus/bin64/perl/lib -I C:/altera/14.0/quartus/sopc_builder/bin/europa -I C:/altera/14.0/quartus/sopc_builder/bin/perl_lib -I C:/altera/14.0/quartus/sopc_builder/bin -I C:/altera/14.0/quartus/../ip/altera/sopc_builder_ip/common -I C:/altera/14.0/quartus/../ip/altera/sopc_builder_ip/altera_avalon_pio -- C:/altera/14.0/quartus/../ip/altera/sopc_builder_ip/altera_avalon_pio/generate_rtl.pl --name=nios_system_otg_hpi_data --dir=C:/Users/Dhairya/AppData/Local/Temp/alt6728_2575934484387148365.dir/0012_otg_hpi_data_gen/ --quartus_dir=C:/altera/14.0/quartus --verilog --config=C:/Users/Dhairya/AppData/Local/Temp/alt6728_2575934484387148365.dir/0012_otg_hpi_data_gen//nios_system_otg_hpi_data_component_configuration.pl  --do_build_sim=0  ]
Info: otg_hpi_data: Done RTL generation for module 'nios_system_otg_hpi_data'
Info: otg_hpi_data: "nios_system" instantiated altera_avalon_pio "otg_hpi_data"
Info: mm_interconnect_0: "nios_system" instantiated altera_mm_interconnect "mm_interconnect_0"
Info: irq_mapper: "nios_system" instantiated altera_irq_mapper "irq_mapper"
Info: rst_controller: "nios_system" instantiated altera_reset_controller "rst_controller"
Info: nios2_qsys_0_data_master_translator: "mm_interconnect_0" instantiated altera_merlin_master_translator "nios2_qsys_0_data_master_translator"
Info: sysid_qsys_0_control_slave_translator: "mm_interconnect_0" instantiated altera_merlin_slave_translator "sysid_qsys_0_control_slave_translator"
Info: nios2_qsys_0_data_master_agent: "mm_interconnect_0" instantiated altera_merlin_master_agent "nios2_qsys_0_data_master_agent"
Info: sysid_qsys_0_control_slave_agent: "mm_interconnect_0" instantiated altera_merlin_slave_agent "sysid_qsys_0_control_slave_agent"
Info: sysid_qsys_0_control_slave_agent_rsp_fifo: "mm_interconnect_0" instantiated altera_avalon_sc_fifo "sysid_qsys_0_control_slave_agent_rsp_fifo"
Info: router: "mm_interconnect_0" instantiated altera_merlin_router "router"
Info: router_001: "mm_interconnect_0" instantiated altera_merlin_router "router_001"
Info: router_002: "mm_interconnect_0" instantiated altera_merlin_router "router_002"
Info: router_007: "mm_interconnect_0" instantiated altera_merlin_router "router_007"
Info: cmd_demux: "mm_interconnect_0" instantiated altera_merlin_demultiplexer "cmd_demux"
Info: cmd_demux_001: "mm_interconnect_0" instantiated altera_merlin_demultiplexer "cmd_demux_001"
Info: cmd_mux: "mm_interconnect_0" instantiated altera_merlin_multiplexer "cmd_mux"
Info: cmd_mux_005: "mm_interconnect_0" instantiated altera_merlin_multiplexer "cmd_mux_005"
Info: Reusing file C:/Users/Dhairya/Desktop/ece385/Lab8_provided/Lab8_provided/nios_system/synthesis/submodules/altera_merlin_arbitrator.sv
Info: rsp_demux: "mm_interconnect_0" instantiated altera_merlin_demultiplexer "rsp_demux"
Info: rsp_demux_005: "mm_interconnect_0" instantiated altera_merlin_demultiplexer "rsp_demux_005"
Info: rsp_mux: "mm_interconnect_0" instantiated altera_merlin_multiplexer "rsp_mux"
Info: Reusing file C:/Users/Dhairya/Desktop/ece385/Lab8_provided/Lab8_provided/nios_system/synthesis/submodules/altera_merlin_arbitrator.sv
Info: rsp_mux_001: "mm_interconnect_0" instantiated altera_merlin_multiplexer "rsp_mux_001"
Info: Reusing file C:/Users/Dhairya/Desktop/ece385/Lab8_provided/Lab8_provided/nios_system/synthesis/submodules/altera_merlin_arbitrator.sv
Info: crosser: "mm_interconnect_0" instantiated altera_avalon_st_handshake_clock_crosser "crosser"
Info: nios_system: Done "nios_system" with 33 modules, 49 files
Info: ip-generate succeeded.
Info: Finished: Create HDL design files for synthesis
